build/app/intermediates/manifest_merge_blame_file/release/manifest-merger-blame-release-report.txt
1<?xml version="1.0" encoding="utf-8"?>
2<manifest xmlns:android="http://schemas.android.com/apk/res/android"
3    package="com.example.tts_ble"
4    android:versionCode="1"
5    android:versionName="1.0.0" >
6
7    <uses-sdk
8        android:minSdkVersion="26"
8-->src\main\AndroidManifest.xml
9        android:targetSdkVersion="30" />
9-->src\main\AndroidManifest.xml
10
11    <uses-permission android:name="android.permission.SEND_SMS" />
11-->src\main\AndroidManifest.xml:3:5-67
11-->src\main\AndroidManifest.xml:3:22-64
12    <uses-permission android:name="android.permission.BLUETOOTH" />
12-->src\main\AndroidManifest.xml:4:5-68
12-->src\main\AndroidManifest.xml:4:22-65
13    <uses-permission android:name="android.permission.BLUETOOTH_ADMIN" />
13-->src\main\AndroidManifest.xml:5:1-70
13-->src\main\AndroidManifest.xml:5:18-67
14    <uses-permission android:name="android.permission.ACCESS_COARSE_LOCATION" />
14-->src\main\AndroidManifest.xml:6:1-76
14-->src\main\AndroidManifest.xml:6:18-74
15    <uses-permission android:name="android.permission.ACCESS_FINE_LOCATION" />
15-->src\main\AndroidManifest.xml:7:1-75
15-->src\main\AndroidManifest.xml:7:18-72
16    <uses-permission android:name="android.permission.ACCESS_BACKGROUND_LOCATION" />
16-->src\main\AndroidManifest.xml:8:1-81
16-->src\main\AndroidManifest.xml:8:18-78
17
18    <application
19        android:name="android.app.Application"
19-->src\main\AndroidManifest.xml:12:9-42
20        android:appComponentFactory="androidx.core.app.CoreComponentFactory"
20-->[androidx.core:core:1.6.0] AndroidManifest.xml:24:18-86
21        android:extractNativeLibs="false"
22        android:icon="@mipmap/launcher_icon"
22-->src\main\AndroidManifest.xml:13:9-45
23        android:label="smart white cane" >
23-->src\main\AndroidManifest.xml:11:9-41
24        <activity
24-->src\main\AndroidManifest.xml:14:9-34:20
25            android:name="com.example.tts_ble.MainActivity"
25-->src\main\AndroidManifest.xml:15:13-41
26            android:configChanges="orientation|keyboardHidden|keyboard|screenSize|smallestScreenSize|locale|layoutDirection|fontScale|screenLayout|density|uiMode"
26-->src\main\AndroidManifest.xml:19:13-163
27            android:exported="true"
27-->src\main\AndroidManifest.xml:16:13-36
28            android:hardwareAccelerated="true"
28-->src\main\AndroidManifest.xml:20:13-47
29            android:launchMode="singleTop"
29-->src\main\AndroidManifest.xml:17:13-43
30            android:theme="@style/LaunchTheme"
30-->src\main\AndroidManifest.xml:18:13-47
31            android:windowSoftInputMode="adjustResize" >
31-->src\main\AndroidManifest.xml:21:13-55
32
33            <!--
34                 Specifies an Android theme to apply to this Activity as soon as
35                 the Android process has started. This theme is visible to the user
36                 while the Flutter UI initializes. After that, this theme continues
37                 to determine the Window background behind the Flutter UI.
38            -->
39            <meta-data
39-->src\main\AndroidManifest.xml:26:13-29:17
40                android:name="io.flutter.embedding.android.NormalTheme"
40-->src\main\AndroidManifest.xml:27:15-70
41                android:resource="@style/NormalTheme" />
41-->src\main\AndroidManifest.xml:28:15-52
42
43            <intent-filter>
43-->src\main\AndroidManifest.xml:30:13-33:29
44                <action android:name="android.intent.action.MAIN" />
44-->src\main\AndroidManifest.xml:31:17-68
44-->src\main\AndroidManifest.xml:31:25-66
45
46                <category android:name="android.intent.category.LAUNCHER" />
46-->src\main\AndroidManifest.xml:32:17-76
46-->src\main\AndroidManifest.xml:32:27-74
47            </intent-filter>
48        </activity>
49        <!--
50             Don't delete the meta-data below.
51             This is used by the Flutter tool to generate GeneratedPluginRegistrant.java
52        -->
53        <meta-data
53-->src\main\AndroidManifest.xml:37:9-39:33
54            android:name="flutterEmbedding"
54-->src\main\AndroidManifest.xml:38:13-44
55            android:value="2" />
55-->src\main\AndroidManifest.xml:39:13-30
56
57        <uses-library
57-->[androidx.window:window:1.0.0-beta04] AndroidManifest.xml:25:9-27:40
58            android:name="androidx.window.extensions"
58-->[androidx.window:window:1.0.0-beta04] AndroidManifest.xml:26:13-54
59            android:required="false" />
59-->[androidx.window:window:1.0.0-beta04] AndroidManifest.xml:27:13-37
60        <uses-library
60-->[androidx.window:window:1.0.0-beta04] AndroidManifest.xml:28:9-30:40
61            android:name="androidx.window.sidecar"
61-->[androidx.window:window:1.0.0-beta04] AndroidManifest.xml:29:13-51
62            android:required="false" />
62-->[androidx.window:window:1.0.0-beta04] AndroidManifest.xml:30:13-37
63    </application>
64
65</manifest>